nohup: ignoring input
TELEGRAM DEBUG 1
TELEGRAM DEBUG 2
Bot is polling...
menu
https://www.ingrasys.com/nq/hr/Content/menu20251102.jpg
show_all_setting
show_all_setting
[DEBUG] Received text: 834513
https://www.ingrasys.com/nq/hr/Content/menu20251102.jpg
https://www.ingrasys.com/nq/hr/Content/menu20251102.jpg
[DEBUG] Received text: ğŸ“· æœ¬é€±èœå–®
set_weekday_id
weekday_0
setid_0_5
unified_set_id
unifiedid_5
menu
https://www.ingrasys.com/nq/hr/Content/menu20251102.jpg
menu
https://www.ingrasys.com/nq/hr/Content/menu20251102.jpg
[æ›´æ–°] 470234962: hf_day=1857540
[æ›´æ–°] 1093567980: hf_day=1857719
menu
https://www.ingrasys.com/nq/hr/Content/menu20251102.jpg
[æ›´æ–°] 470234962: hf_day=1857540
[æ›´æ–°] 1093567980: hf_day=1857719
[æ›´æ–°] 470234962: hf_day=1857540
[æ›´æ–°] 1093567980: hf_day=1857719
[æ›´æ–°] 470234962: hf_day=1857540
[æ›´æ–°] 1093567980: hf_day=1857719
[æ›´æ–°] 470234962: hf_day=1857540
[æ›´æ–°] 1093567980: hf_day=1857719
[æ›´æ–°] 470234962: hf_day=1857540
[æ›´æ–°] 1093567980: hf_day=1857719
[æ›´æ–°] 470234962: hf_day=1857540
[æ›´æ–°] 1093567980: hf_day=1857719
menu
https://www.ingrasys.com/nq/hr/Content/menu20251102.jpg
[æ›´æ–°] 470234962: hf_day=1857540
[æ›´æ–°] 1093567980: hf_day=1857719
[æ›´æ–°] 470234962: hf_day=1857540
[æ›´æ–°] 1093567980: hf_day=1857719
[æ›´æ–°] 470234962: hf_day=1857540
[æ›´æ–°] 1093567980: hf_day=1857719
[æ›´æ–°] 470234962: hf_day=1857540
[æ›´æ–°] 1093567980: hf_day=1857719
[æ›´æ–°] 470234962: hf_day=1857540
[æ›´æ–°] 1093567980: hf_day=1857719
[æ›´æ–°] 470234962: hf_day=1857540
[æ›´æ–°] 1093567980: hf_day=1857719
[æ›´æ–°] 470234962: hf_day=1857540
[æ›´æ–°] 1093567980: hf_day=1857719
[æ›´æ–°] 470234962: hf_day=1857540
[æ›´æ–°] 1093567980: hf_day=1857719
[æ›´æ–°] 470234962: hf_day=1857540
[æ›´æ–°] 1093567980: hf_day=1857719
[æ›´æ–°] 470234962: hf_day=1857540
[æ›´æ–°] 1093567980: hf_day=1857719
menu
https://www.ingrasys.com/nq/hr/Content/menu20251102.jpg
[æ›´æ–°] 470234962: hf_day=1857540
[æ›´æ–°] 1093567980: hf_day=1857719
[æ›´æ–°] 470234962: hf_day=1857540
[æ›´æ–°] 1093567980: hf_day=1857719
[æ›´æ–°] 470234962: hf_day=1857540
[æ›´æ–°] 1093567980: hf_day=1857719
[æ›´æ–°] 470234962: hf_day=1857540
[æ›´æ–°] 1093567980: hf_day=1857719
[æ›´æ–°] 470234962: hf_day=1857540
[æ›´æ–°] 1093567980: hf_day=1857719
[æ›´æ–°] 470234962: hf_day=1857540
[æ›´æ–°] 1093567980: hf_day=1857719
[æ›´æ–°] 470234962: hf_day=1857540
[æ›´æ–°] 1093567980: hf_day=1857719
[æ›´æ–°] 470234962: hf_day=1857540
[æ›´æ–°] 1093567980: hf_day=1857719
[æ›´æ–°] 470234962: hf_day=1857540
[æ›´æ–°] 1093567980: hf_day=1857719
[æ›´æ–°] 470234962: hf_day=1857540
[æ›´æ–°] 1093567980: hf_day=1857719
[æ›´æ–°] 470234962: hf_day=1857540
[æ›´æ–°] 1093567980: hf_day=1857719
[æ›´æ–°] 470234962: hf_day=1857540
[æ›´æ–°] 1093567980: hf_day=1857719
[æ›´æ–°] 470234962: hf_day=1857540
[æ›´æ–°] 1093567980: hf_day=1857719
[æ›´æ–°] 470234962: hf_day=1857540
[æ›´æ–°] 1093567980: hf_day=1857719
[è­¦å‘Š] 470234962: æœªæ‰¾åˆ° hf_day å€¼
[è­¦å‘Š] 1093567980: æœªæ‰¾åˆ° hf_day å€¼
[è­¦å‘Š] 470234962: æœªæ‰¾åˆ° hf_day å€¼
[è­¦å‘Š] 1093567980: æœªæ‰¾åˆ° hf_day å€¼
[è­¦å‘Š] 470234962: æœªæ‰¾åˆ° hf_day å€¼
[è­¦å‘Š] 1093567980: æœªæ‰¾åˆ° hf_day å€¼
[è­¦å‘Š] 470234962: æœªæ‰¾åˆ° hf_day å€¼
[è­¦å‘Š] 1093567980: æœªæ‰¾åˆ° hf_day å€¼
[è­¦å‘Š] 470234962: æœªæ‰¾åˆ° hf_day å€¼
[è­¦å‘Š] 1093567980: æœªæ‰¾åˆ° hf_day å€¼
[è­¦å‘Š] 470234962: æœªæ‰¾åˆ° hf_day å€¼
[è­¦å‘Š] 1093567980: æœªæ‰¾åˆ° hf_day å€¼
[è­¦å‘Š] 470234962: æœªæ‰¾åˆ° hf_day å€¼
[è­¦å‘Š] 1093567980: æœªæ‰¾åˆ° hf_day å€¼
[è­¦å‘Š] 470234962: æœªæ‰¾åˆ° hf_day å€¼
[è­¦å‘Š] 1093567980: æœªæ‰¾åˆ° hf_day å€¼
[è­¦å‘Š] 470234962: æœªæ‰¾åˆ° hf_day å€¼
[è­¦å‘Š] 1093567980: æœªæ‰¾åˆ° hf_day å€¼
[è­¦å‘Š] 470234962: æœªæ‰¾åˆ° hf_day å€¼
[è­¦å‘Š] 1093567980: æœªæ‰¾åˆ° hf_day å€¼
[è­¦å‘Š] 470234962: æœªæ‰¾åˆ° hf_day å€¼
[è­¦å‘Š] 1093567980: æœªæ‰¾åˆ° hf_day å€¼
[è­¦å‘Š] 470234962: æœªæ‰¾åˆ° hf_day å€¼
[è­¦å‘Š] 1093567980: æœªæ‰¾åˆ° hf_day å€¼
[è­¦å‘Š] 470234962: æœªæ‰¾åˆ° hf_day å€¼
[è­¦å‘Š] 1093567980: æœªæ‰¾åˆ° hf_day å€¼
[è­¦å‘Š] 470234962: æœªæ‰¾åˆ° hf_day å€¼
[è­¦å‘Š] 1093567980: æœªæ‰¾åˆ° hf_day å€¼
[è­¦å‘Š] 470234962: æœªæ‰¾åˆ° hf_day å€¼
[è­¦å‘Š] 1093567980: æœªæ‰¾åˆ° hf_day å€¼
[è­¦å‘Š] 470234962: æœªæ‰¾åˆ° hf_day å€¼
[è­¦å‘Š] 1093567980: æœªæ‰¾åˆ° hf_day å€¼
{'act': 1, 'order': 'L', 'id': '6', 'index': '1857540', 'iok': '835079', 'uid': '835079', '_': 1762214400032}
{'act': 1, 'order': 'L', 'id': '5', 'index': '1857719', 'iok': '834513', 'uid': '834513', '_': 1762214400091}
Traceback (most recent call last):
  File "/opt/conda/lib/python3.11/site-packages/httpx/_transports/default.py", line 66, in map_httpcore_exceptions
    yield
  File "/opt/conda/lib/python3.11/site-packages/httpx/_transports/default.py", line 366, in handle_async_request
    resp = await self._pool.handle_async_request(req)
           ^^^^^^^^^^^^^^^^^^^^^^^^^^^^^^^^^^^^^^^^^^
  File "/opt/conda/lib/python3.11/site-packages/httpcore/_async/connection_pool.py", line 256, in handle_async_request
    raise exc from None
  File "/opt/conda/lib/python3.11/site-packages/httpcore/_async/connection_pool.py", line 232, in handle_async_request
    connection = await pool_request.wait_for_connection(timeout=timeout)
                 ^^^^^^^^^^^^^^^^^^^^^^^^^^^^^^^^^^^^^^^^^^^^^^^^^^^^^^^
  File "/opt/conda/lib/python3.11/site-packages/httpcore/_async/connection_pool.py", line 35, in wait_for_connection
    await self._connection_acquired.wait(timeout=timeout)
  File "/opt/conda/lib/python3.11/site-packages/httpcore/_synchronization.py", line 149, in wait
    with map_exceptions(anyio_exc_map):
  File "/opt/conda/lib/python3.11/contextlib.py", line 158, in __exit__
    self.gen.throw(typ, value, traceback)
  File "/opt/conda/lib/python3.11/site-packages/httpcore/_exceptions.py", line 14, in map_exceptions
    raise to_exc(exc) from exc
httpcore.PoolTimeout

The above exception was the direct cause of the following exception:

Traceback (most recent call last):
  File "/opt/conda/lib/python3.11/site-packages/telegram/request/_httpxrequest.py", line 219, in do_request
    res = await self._client.request(
          ^^^^^^^^^^^^^^^^^^^^^^^^^^^
  File "/opt/conda/lib/python3.11/site-packages/httpx/_client.py", line 1530, in request
    return await self.send(request, auth=auth, follow_redirects=follow_redirects)
           ^^^^^^^^^^^^^^^^^^^^^^^^^^^^^^^^^^^^^^^^^^^^^^^^^^^^^^^^^^^^^^^^^^^^^^
  File "/opt/conda/lib/python3.11/site-packages/httpx/_client.py", line 1617, in send
    response = await self._send_handling_auth(
               ^^^^^^^^^^^^^^^^^^^^^^^^^^^^^^^
  File "/opt/conda/lib/python3.11/site-packages/httpx/_client.py", line 1645, in _send_handling_auth
    response = await self._send_handling_redirects(
               ^^^^^^^^^^^^^^^^^^^^^^^^^^^^^^^^^^^^
  File "/opt/conda/lib/python3.11/site-packages/httpx/_client.py", line 1682, in _send_handling_redirects
    response = await self._send_single_request(request)
               ^^^^^^^^^^^^^^^^^^^^^^^^^^^^^^^^^^^^^^^^
  File "/opt/conda/lib/python3.11/site-packages/httpx/_client.py", line 1719, in _send_single_request
    response = await transport.handle_async_request(request)
               ^^^^^^^^^^^^^^^^^^^^^^^^^^^^^^^^^^^^^^^^^^^^^
  File "/opt/conda/lib/python3.11/site-packages/httpx/_transports/default.py", line 365, in handle_async_request
    with map_httpcore_exceptions():
  File "/opt/conda/lib/python3.11/contextlib.py", line 158, in __exit__
    self.gen.throw(typ, value, traceback)
  File "/opt/conda/lib/python3.11/site-packages/httpx/_transports/default.py", line 83, in map_httpcore_exceptions
    raise mapped_exc(message) from exc
httpx.PoolTimeout

The above exception was the direct cause of the following exception:

Traceback (most recent call last):
  File "/workspace/SDG/code/main-main/main.py", line 328, in <module>
    print("TELEGRAM DEBUG 1")
    ^^^^^^
  File "/workspace/SDG/code/main-main/main.py", line 324, in main
    app.add_handler(CommandHandler('menu', menu))
    ^^^^^^^^^^^^^^^^^^^^^^^^^^^^^^^^^^^^^^^^^^^^^^
  File "/opt/conda/lib/python3.11/site-packages/telegram/ext/_application.py", line 779, in run_polling
    return self.__run(
           ^^^^^^^^^^^
  File "/opt/conda/lib/python3.11/site-packages/telegram/ext/_application.py", line 973, in __run
    loop.run_until_complete(self.updater.stop())  # type: ignore[union-attr]
    ^^^^^^^^^^^^^^^^^^^^^^^^^^^^^^^^^^^^^^^^^^^^
  File "/opt/conda/lib/python3.11/asyncio/base_events.py", line 654, in run_until_complete
    return future.result()
           ^^^^^^^^^^^^^^^
  File "/opt/conda/lib/python3.11/site-packages/telegram/ext/_updater.py", line 764, in stop
    await self._stop_polling()
  File "/opt/conda/lib/python3.11/site-packages/telegram/ext/_updater.py", line 789, in _stop_polling
    await self.__polling_cleanup_cb()
  File "/opt/conda/lib/python3.11/site-packages/telegram/ext/_updater.py", line 393, in _get_updates_cleanup
    await self.bot.get_updates(
  File "/opt/conda/lib/python3.11/site-packages/telegram/ext/_extbot.py", line 565, in get_updates
    updates = await super().get_updates(
              ^^^^^^^^^^^^^^^^^^^^^^^^^^
  File "/opt/conda/lib/python3.11/site-packages/telegram/_bot.py", line 519, in decorator
    result = await func(self, *args, **kwargs)  # skipcq: PYL-E1102
             ^^^^^^^^^^^^^^^^^^^^^^^^^^^^^^^^^
  File "/opt/conda/lib/python3.11/site-packages/telegram/_bot.py", line 3562, in get_updates
    await self._post(
  File "/opt/conda/lib/python3.11/site-packages/telegram/_bot.py", line 607, in _post
    return await self._do_post(
           ^^^^^^^^^^^^^^^^^^^^
  File "/opt/conda/lib/python3.11/site-packages/telegram/ext/_extbot.py", line 347, in _do_post
    return await super()._do_post(
           ^^^^^^^^^^^^^^^^^^^^^^^
  File "/opt/conda/lib/python3.11/site-packages/telegram/_bot.py", line 635, in _do_post
    return await request.post(
           ^^^^^^^^^^^^^^^^^^^
  File "/opt/conda/lib/python3.11/site-packages/telegram/request/_baserequest.py", line 168, in post
    result = await self._request_wrapper(
             ^^^^^^^^^^^^^^^^^^^^^^^^^^^^
  File "/opt/conda/lib/python3.11/site-packages/telegram/request/_baserequest.py", line 288, in _request_wrapper
    raise exc
  File "/opt/conda/lib/python3.11/site-packages/telegram/request/_baserequest.py", line 278, in _request_wrapper
    code, payload = await self.do_request(
                    ^^^^^^^^^^^^^^^^^^^^^^
  File "/opt/conda/lib/python3.11/site-packages/telegram/request/_httpxrequest.py", line 229, in do_request
    raise TimedOut(
telegram.error.TimedOut: Pool timeout: All connections in the connection pool are occupied. Request was *not* sent to Telegram. Consider adjusting the connection pool size or the pool timeout.
Task was destroyed but it is pending!
task: <Task pending name='Application:7998365635:update_fetcher' coro=<Application._update_fetcher() running at /opt/conda/lib/python3.11/site-packages/telegram/ext/_application.py:1110> wait_for=<Future pending cb=[Task.task_wakeup()]>>
Exception ignored in: <coroutine object Application._update_fetcher at 0x7f0c54e249a0>
Traceback (most recent call last):
  File "/opt/conda/lib/python3.11/site-packages/telegram/ext/_application.py", line 1110, in _update_fetcher
  File "/opt/conda/lib/python3.11/asyncio/queues.py", line 160, in get
  File "/opt/conda/lib/python3.11/asyncio/base_events.py", line 762, in call_soon
  File "/opt/conda/lib/python3.11/asyncio/base_events.py", line 520, in _check_closed
RuntimeError: Event loop is closed
